<?xml version="1.0" encoding="UTF-8"?>
<!-- Generated by org.testng.reporters.JUnitXMLReporter -->
<testsuite hostname="ASDA1708PO02529" tests="11" failures="0" timestamp="5 Jul 2018 12:20:14 GMT" time="5.351" errors="0">
  <testcase name="Test001_Launch_Browser" time="2.255" classname="AllTestTatoc"/>
  <testcase name="Test002_BasicBlock" time="0.129" classname="AllTestTatoc"/>
  <testcase name="Test003_CheckRedBox" time="0.132" classname="AllTestTatoc"/>
  <testcase name="Test004_check_For_Green_Box" time="0.225" classname="AllTestTatoc"/>
  <testcase name="Test005_Frame_Dungeon_Test" time="0.282" classname="AllTestTatoc"/>
  <testcase name="Test006_Frame_Dungeon_Pass" time="0.837" classname="AllTestTatoc"/>
  <testcase name="Test007_Drag_And_Drop" time="0.283" classname="AllTestTatoc"/>
  <testcase name="Test008_popup_launch_Error_Test" time="0.128" classname="AllTestTatoc"/>
  <testcase name="Test009_Launch_popUp_Menu" time="0.499" classname="AllTestTatoc"/>
  <testcase name="Test010_proceed_without_adding_cookie" time="0.132" classname="AllTestTatoc"/>
  <testcase name="Test011_Cookie_Handling" time="0.278" classname="AllTestTatoc"/>
</testsuite>
