<?xml version="1.0" encoding="UTF-8"?>
<!-- Generated by org.testng.reporters.JUnitReportReporter -->
<testsuite hostname="ASDA1708PO02529" name="AllTestAdvanceTatoc" tests="6" failures="0" timestamp="5 Jul 2018 12:20:14 GMT" time="8.091" errors="0">
  <testcase name="test004_database_entry" time="1.726" classname="AllTestAdvanceTatoc"/>
  <testcase name="test005_rest_Service" time="1.247" classname="AllTestAdvanceTatoc"/>
  <testcase name="test003_menu_items" time="0.181" classname="AllTestAdvanceTatoc"/>
  <testcase name="test002_AvanceCource" time="0.134" classname="AllTestAdvanceTatoc"/>
  <testcase name="test001_Browser_Launch" time="2.471" classname="AllTestAdvanceTatoc"/>
  <testcase name="test006_fileHandling" time="2.332" classname="AllTestAdvanceTatoc"/>
</testsuite> <!-- AllTestAdvanceTatoc -->
