<?xml version="1.0" encoding="UTF-8"?>
<!-- Generated by org.testng.reporters.JUnitXMLReporter -->
<testsuite hostname="ASDA1708PO02529" tests="6" failures="0" timestamp="5 Jul 2018 12:08:27 GMT" time="8.25" errors="0">
  <testcase name="test001_Browser_Launch" time="2.815" classname="AllTestAdvanceTatoc"/>
  <testcase name="test002_AvanceCource" time="0.134" classname="AllTestAdvanceTatoc"/>
  <testcase name="test003_menu_items" time="0.185" classname="AllTestAdvanceTatoc"/>
  <testcase name="test004_database_entry" time="1.547" classname="AllTestAdvanceTatoc"/>
  <testcase name="test005_rest_Service" time="1.219" classname="AllTestAdvanceTatoc"/>
  <testcase name="test006_fileHandling" time="2.314" classname="AllTestAdvanceTatoc"/>
</testsuite>
